{
  "RSpec": {
    "coverage": {
      "/Users/zachbergman/Documents/turing_work/3mod/rails_engine_fe_7/config/environment.rb": {
        "lines": [
          null,
          1,
          null,
          null,
          1
        ]
      },
      "/Users/zachbergman/Documents/turing_work/3mod/rails_engine_fe_7/config/application.rb": {
        "lines": [
          1,
          null,
          1,
          null,
          1,
          1,
          1,
          1,
          1,
          1,
          1,
          1,
          1,
          1,
          null,
          null,
          null,
          null,
          1,
          null,
          1,
          1,
          null,
          1,
          null,
          null,
          null,
          null,
          null,
          null,
          null,
          null,
          null,
          null,
          1,
          null,
          null
        ]
      },
      "/Users/zachbergman/Documents/turing_work/3mod/rails_engine_fe_7/config/boot.rb": {
        "lines": [
          1,
          null,
          1,
          1
        ]
      },
      "/Users/zachbergman/Documents/turing_work/3mod/rails_engine_fe_7/config/environments/test.rb": {
        "lines": [
          1,
          null,
          null,
          null,
          null,
          null,
          null,
          1,
          null,
          null,
          null,
          1,
          null,
          null,
          null,
          null,
          1,
          null,
          null,
          1,
          1,
          null,
          null,
          null,
          null,
          1,
          1,
          1,
          null,
          null,
          1,
          null,
          null,
          1,
          null,
          null,
          1,
          null,
          1,
          null,
          null,
          null,
          null,
          1,
          null,
          null,
          1,
          null,
          null,
          1,
          null,
          null,
          1,
          null,
          null,
          null,
          null,
          null,
          null,
          null
        ]
      },
      "/Users/zachbergman/Documents/turing_work/3mod/rails_engine_fe_7/config/initializers/assets.rb": {
        "lines": [
          null,
          null,
          null,
          1,
          null,
          null,
          null,
          null,
          null,
          null,
          null,
          null
        ]
      },
      "/Users/zachbergman/Documents/turing_work/3mod/rails_engine_fe_7/config/initializers/content_security_policy.rb": {
        "lines": [
          null,
          null,
          null,
          null,
          null,
          null,
          null,
          null,
          null,
          null,
          null,
          null,
          null,
          null,
          null,
          null,
          null,
          null,
          null,
          null,
          null,
          null,
          null,
          null,
          null
        ]
      },
      "/Users/zachbergman/Documents/turing_work/3mod/rails_engine_fe_7/config/initializers/filter_parameter_logging.rb": {
        "lines": [
          null,
          null,
          null,
          null,
          null,
          1,
          null,
          null
        ]
      },
      "/Users/zachbergman/Documents/turing_work/3mod/rails_engine_fe_7/config/initializers/inflections.rb": {
        "lines": [
          null,
          null,
          null,
          null,
          null,
          null,
          null,
          null,
          null,
          null,
          null,
          null,
          null,
          null,
          null,
          null
        ]
      },
      "/Users/zachbergman/Documents/turing_work/3mod/rails_engine_fe_7/config/initializers/permissions_policy.rb": {
        "lines": [
          null,
          null,
          null,
          null,
          null,
          null,
          null,
          null,
          null,
          null,
          null
        ]
      },
      "/Users/zachbergman/Documents/turing_work/3mod/rails_engine_fe_7/config/routes.rb": {
        "lines": [
          1,
          null,
          null,
          null,
          null,
          null,
          1,
          1,
          null,
          1,
          null
        ]
      },
      "/Users/zachbergman/Documents/turing_work/3mod/rails_engine_fe_7/app/helpers/application_helper.rb": {
        "lines": [
          1,
          null
        ]
      },
      "/Users/zachbergman/Documents/turing_work/3mod/rails_engine_fe_7/app/facades/item_facade.rb": {
        "lines": [
          1,
          1,
          null,
          1,
          5,
          5,
          null,
          null,
          1,
          5,
          null,
          12420,
          null,
          null,
          1,
          2,
          2,
          null,
          null
        ]
      },
      "/Users/zachbergman/Documents/turing_work/3mod/rails_engine_fe_7/spec/facades/merchant_facade_spec.rb": {
        "lines": [
          1,
          null,
          1,
          1,
          1,
          null,
          1,
          null,
          null,
          1,
          1,
          1,
          null,
          1,
          null,
          1,
          100,
          null,
          null,
          null,
          null,
          1,
          1,
          1,
          1,
          null,
          1,
          null,
          null,
          null,
          1,
          1,
          1,
          1,
          null,
          1,
          1,
          14,
          null,
          null,
          null,
          null,
          1,
          1,
          1,
          1,
          null,
          1,
          null,
          null,
          null
        ]
      },
      "/Users/zachbergman/Documents/turing_work/3mod/rails_engine_fe_7/app/facades/merchant_facade.rb": {
        "lines": [
          1,
          1,
          null,
          1,
          9,
          9,
          null,
          null,
          1,
          9,
          null,
          909,
          null,
          null,
          1,
          2,
          2,
          null,
          null,
          1,
          3,
          45,
          null,
          null,
          1,
          2,
          null,
          2,
          null,
          null
        ]
      },
      "/Users/zachbergman/Documents/turing_work/3mod/rails_engine_fe_7/spec/features/items/index_spec.rb": {
        "lines": [
          1,
          null,
          1,
          1,
          1,
          null,
          1,
          null,
          1,
          1,
          1,
          1,
          null,
          null,
          null,
          null,
          null,
          null,
          null,
          null,
          null,
          null
        ]
      },
      "/Users/zachbergman/Documents/turing_work/3mod/rails_engine_fe_7/spec/features/items/show_spec.rb": {
        "lines": [
          1,
          null,
          1,
          1,
          1,
          null,
          1,
          null,
          1,
          1,
          1,
          1,
          null,
          null,
          null
        ]
      },
      "/Users/zachbergman/Documents/turing_work/3mod/rails_engine_fe_7/spec/features/merchants/index_spec.rb": {
        "lines": [
          1,
          null,
          1,
          1,
          null,
          1,
          null,
          1,
          null,
          1,
          1,
          1,
          1,
          null,
          null,
          null
        ]
      },
      "/Users/zachbergman/Documents/turing_work/3mod/rails_engine_fe_7/spec/features/merchants/show_spec.rb": {
        "lines": [
          1,
          null,
          1,
          1,
          1,
          null,
          1,
          null,
          1,
          null,
          1,
          null,
          1,
          1,
          1,
          1,
          1,
          null,
          null,
          null,
          null,
          null,
          null,
          null,
          null
        ]
      },
      "/Users/zachbergman/Documents/turing_work/3mod/rails_engine_fe_7/spec/features/search/index_spec.rb": {
        "lines": [
          1,
          null,
          1,
          1,
          1,
          null,
          1,
          null,
          1,
          1,
          1,
          null,
          null,
          null,
          1,
          1,
          null,
          1,
          1,
          null,
          1,
          null,
          1,
          null,
          null,
          null
        ]
      },
      "/Users/zachbergman/Documents/turing_work/3mod/rails_engine_fe_7/spec/poros/item_spec.rb": {
        "lines": [
          1,
          null,
          1,
          1,
          null,
          1,
          null,
          null,
          null,
          null,
          null,
          null,
          null,
          null,
          1,
          null,
          null,
          1,
          1,
          1,
          1,
          1,
          1,
          1,
          null,
          null
        ]
      },
      "/Users/zachbergman/Documents/turing_work/3mod/rails_engine_fe_7/app/poros/item.rb": {
        "lines": [
          1,
          1,
          null,
          1,
          12460,
          12460,
          12460,
          12460,
          12460,
          null,
          null
        ]
      },
      "/Users/zachbergman/Documents/turing_work/3mod/rails_engine_fe_7/spec/poros/merchant_spec.rb": {
        "lines": [
          1,
          null,
          1,
          1,
          null,
          1,
          null,
          null,
          null,
          null,
          1,
          null,
          null,
          1,
          1,
          1,
          null,
          null
        ]
      },
      "/Users/zachbergman/Documents/turing_work/3mod/rails_engine_fe_7/app/poros/merchant.rb": {
        "lines": [
          1,
          1,
          null,
          1,
          905,
          905,
          null,
          null
        ]
      },
      "/Users/zachbergman/Documents/turing_work/3mod/rails_engine_fe_7/spec/services/item_service_spec.rb": {
        "lines": [
          1,
          null,
          1,
          1,
          1,
          1,
          null,
          1,
          null,
          null,
          null,
          1,
          1,
          1,
          null,
          1,
          null,
          null,
          null,
          1,
          1,
          1,
          null,
          1,
          null,
          1,
          null,
          1,
          2483,
          2483,
          null,
          2483,
          2483,
          null,
          2483,
          2483,
          null,
          2483,
          2483,
          null,
          2483,
          2483,
          null,
          2483,
          2483,
          null,
          2483,
          2483,
          null,
          null,
          null,
          null,
          1,
          1,
          1,
          null,
          1,
          null,
          1,
          1,
          null,
          1,
          1,
          null,
          1,
          1,
          null,
          1,
          1,
          null,
          1,
          1,
          null,
          1,
          1,
          null,
          1,
          1,
          null,
          null,
          null
        ]
      },
      "/Users/zachbergman/Documents/turing_work/3mod/rails_engine_fe_7/app/services/item_service.rb": {
        "lines": [
          1,
          1,
          10,
          null,
          null,
          1,
          9,
          null,
          9,
          null,
          null,
          1,
          5,
          null,
          null,
          1,
          3,
          null,
          null
        ]
      },
      "/Users/zachbergman/Documents/turing_work/3mod/rails_engine_fe_7/spec/services/merchant_service_spec.rb": {
        "lines": [
          1,
          null,
          1,
          1,
          1,
          1,
          null,
          1,
          null,
          null,
          null,
          1,
          1,
          1,
          null,
          1,
          null,
          null,
          null,
          1,
          1,
          1,
          null,
          1,
          null,
          1,
          null,
          1,
          100,
          100,
          100,
          100,
          100,
          100,
          100,
          100,
          null,
          null,
          null,
          null,
          1,
          1,
          1,
          null,
          1,
          null,
          1,
          100,
          100,
          100,
          100,
          100,
          100,
          100,
          100,
          null,
          null,
          null,
          null,
          1,
          1,
          1,
          null,
          1,
          1,
          1,
          1,
          1,
          1,
          1,
          1,
          null,
          null,
          null
        ]
      },
      "/Users/zachbergman/Documents/turing_work/3mod/rails_engine_fe_7/app/services/merchant_service.rb": {
        "lines": [
          1,
          1,
          20,
          null,
          null,
          1,
          19,
          null,
          19,
          null,
          null,
          1,
          10,
          null,
          null,
          1,
          2,
          null,
          null,
          1,
          3,
          null,
          null,
          1,
          3,
          null,
          null
        ]
      },
      "/Users/zachbergman/Documents/turing_work/3mod/rails_engine_fe_7/app/controllers/items_controller.rb": {
        "lines": [
          1,
          1,
          1,
          null,
          null,
          1,
          1,
          null,
          null
        ]
      },
      "/Users/zachbergman/Documents/turing_work/3mod/rails_engine_fe_7/app/controllers/application_controller.rb": {
        "lines": [
          1,
          null
        ]
      },
      "/Users/zachbergman/Documents/turing_work/3mod/rails_engine_fe_7/app/controllers/merchants_controller.rb": {
        "lines": [
          1,
          1,
          2,
          null,
          null,
          1,
          1,
          1,
          1,
          null,
          null
        ]
      },
      "/Users/zachbergman/Documents/turing_work/3mod/rails_engine_fe_7/app/controllers/search_controller.rb": {
        "lines": [
          1,
          1,
          3,
          1,
          null,
          null,
          null,
          1,
          1,
          1,
          null,
          null,
          1,
          1,
          null,
          null,
          null,
          null,
          null,
          null,
          null
        ]
      }
    },
    "timestamp": 1721319705
  }
}
